# JRE version: OpenJDK Runtime Environment Temurin-17.0.8.1+1 (17.0.8.1+1) (build 17.0.8.1+1)
# Java VM: OpenJDK 64-Bit Server VM Temurin-17.0.8.1+1 (17.0.8.1+1, mixed mode, tiered, compressed oops, compressed class ptrs, g1 gc, windows-amd64)
GC Precious Log:
 CPUs: 4 total, 4 available
 Memory: 3836M
 Large Page Support: Disabled
 NUMA Support: Disabled
 Compressed Oops: Enabled (32-bit)
 Heap Region Size: 1M
 Heap Min Capacity: 8M
 Heap Initial Capacity: 60M
 Heap Max Capacity: 960M
 Pre-touch: Disabled
 Parallel Workers: 4
 Concurrent Workers: 1
 Concurrent Refinement Workers: 4
 Periodic GC: Disabled
Heap:
 garbage-first heap   total 160768K, used 151962K [0x00000000c4000000, 0x0000000100000000)
  region size 1024K, 2 young (2048K), 1 survivors (1024K)
 Metaspace       used 25467K, committed 25728K, reserved 1114112K
  class space    used 3232K, committed 3328K, reserved 1048576K
GC Heap History (20 events):
Event: 1.066 GC heap before
{Heap before GC invocations=0 (full 0):
 garbage-first heap   total 61440K, used 13312K [0x00000000c4000000, 0x0000000100000000)
  region size 1024K, 13 young (13312K), 0 survivors (0K)
 Metaspace       used 9089K, committed 9280K, reserved 1114112K
  class space    used 860K, committed 960K, reserved 1048576K
}
Event: 1.069 GC heap after
{Heap after GC invocations=1 (full 0):
 garbage-first heap   total 61440K, used 1600K [0x00000000c4000000, 0x0000000100000000)
  region size 1024K, 2 young (2048K), 2 survivors (2048K)
 Metaspace       used 9089K, committed 9280K, reserved 1114112K
  class space    used 860K, committed 960K, reserved 1048576K
}
Event: 1.699 GC heap before
{Heap before GC invocations=1 (full 0):
 garbage-first heap   total 61440K, used 19008K [0x00000000c4000000, 0x0000000100000000)
  region size 1024K, 20 young (20480K), 2 survivors (2048K)
 Metaspace       used 16261K, committed 16384K, reserved 1114112K
  class space    used 1694K, committed 1728K, reserved 1048576K
}
Event: 1.703 GC heap after
{Heap after GC invocations=2 (full 0):
 garbage-first heap   total 61440K, used 4289K [0x00000000c4000000, 0x0000000100000000)
  region size 1024K, 3 young (3072K), 3 survivors (3072K)
 Metaspace       used 16261K, committed 16384K, reserved 1114112K
  class space    used 1694K, committed 1728K, reserved 1048576K
}
Event: 1.759 GC heap before
{Heap before GC invocations=2 (full 0):
 garbage-first heap   total 61440K, used 11457K [0x00000000c4000000, 0x0000000100000000)
  region size 1024K, 5 young (5120K), 3 survivors (3072K)
 Metaspace       used 16526K, committed 16704K, reserved 1114112K
  class space    used 1748K, committed 1792K, reserved 1048576K
}
Event: 1.761 GC heap after
{Heap after GC invocations=3 (full 0):
 garbage-first heap   total 61440K, used 11548K [0x00000000c4000000, 0x0000000100000000)
  region size 1024K, 3 young (3072K), 3 survivors (3072K)
 Metaspace       used 16526K, committed 16704K, reserved 1114112K
  class space    used 1748K, committed 1792K, reserved 1048576K
}
Event: 2.469 GC heap before
{Heap before GC invocations=3 (full 0):
 garbage-first heap   total 61440K, used 55580K [0x00000000c4000000, 0x0000000100000000)
  region size 1024K, 6 young (6144K), 3 survivors (3072K)
 Metaspace       used 17300K, committed 17536K, reserved 1114112K
  class space    used 1838K, committed 1984K, reserved 1048576K
}
Event: 2.471 GC heap after
{Heap after GC invocations=4 (full 0):
 garbage-first heap   total 61440K, used 53381K [0x00000000c4000000, 0x0000000100000000)
  region size 1024K, 1 young (1024K), 1 survivors (1024K)
 Metaspace       used 17300K, committed 17536K, reserved 1114112K
  class space    used 1838K, committed 1984K, reserved 1048576K
}
Event: 2.497 GC heap before
{Heap before GC invocations=4 (full 0):
 garbage-first heap   total 61440K, used 55429K [0x00000000c4000000, 0x0000000100000000)
  region size 1024K, 3 young (3072K), 1 survivors (1024K)
 Metaspace       used 17892K, committed 18112K, reserved 1114112K
  class space    used 1937K, committed 2048K, reserved 1048576K
}
Event: 2.498 GC heap after
{Heap after GC invocations=5 (full 0):
 garbage-first heap   total 61440K, used 53631K [0x00000000c4000000, 0x0000000100000000)
  region size 1024K, 1 young (1024K), 1 survivors (1024K)
 Metaspace       used 17892K, committed 18112K, reserved 1114112K
  class space    used 1937K, committed 2048K, reserved 1048576K
}
Event: 2.519 GC heap before
{Heap before GC invocations=6 (full 0):
 garbage-first heap   total 92160K, used 55679K [0x00000000c4000000, 0x0000000100000000)
  region size 1024K, 3 young (3072K), 1 survivors (1024K)
 Metaspace       used 18071K, committed 18368K, reserved 1114112K
  class space    used 1981K, committed 2112K, reserved 1048576K
}
Event: 2.520 GC heap after
{Heap after GC invocations=7 (full 0):
 garbage-first heap   total 92160K, used 54188K [0x00000000c4000000, 0x0000000100000000)
  region size 1024K, 1 young (1024K), 1 survivors (1024K)
 Metaspace       used 18071K, committed 18368K, reserved 1114112K
  class space    used 1981K, committed 2112K, reserved 1048576K
}
Event: 2.800 GC heap before
{Heap before GC invocations=7 (full 0):
 garbage-first heap   total 92160K, used 68524K [0x00000000c4000000, 0x0000000100000000)
  region size 1024K, 15 young (15360K), 1 survivors (1024K)
 Metaspace       used 21533K, committed 21760K, reserved 1114112K
  class space    used 2698K, committed 2816K, reserved 1048576K
}
Event: 2.803 GC heap after
{Heap after GC invocations=8 (full 0):
 garbage-first heap   total 92160K, used 55995K [0x00000000c4000000, 0x0000000100000000)
  region size 1024K, 2 young (2048K), 2 survivors (2048K)
 Metaspace       used 21533K, committed 21760K, reserved 1114112K
  class space    used 2698K, committed 2816K, reserved 1048576K
}
Event: 14.643 GC heap before
{Heap before GC invocations=9 (full 0):
 garbage-first heap   total 96256K, used 84667K [0x00000000c4000000, 0x0000000100000000)
  region size 1024K, 15 young (15360K), 2 survivors (2048K)
 Metaspace       used 25467K, committed 25728K, reserved 1114112K
  class space    used 3232K, committed 3328K, reserved 1048576K
}
Event: 14.658 GC heap after
{Heap after GC invocations=10 (full 0):
 garbage-first heap   total 96256K, used 71613K [0x00000000c4000000, 0x0000000100000000)
  region size 1024K, 2 young (2048K), 2 survivors (2048K)
 Metaspace       used 25467K, committed 25728K, reserved 1114112K
  class space    used 3232K, committed 3328K, reserved 1048576K
}
Event: 14.695 GC heap before
{Heap before GC invocations=10 (full 0):
 garbage-first heap   total 96256K, used 85949K [0x00000000c4000000, 0x0000000100000000)
  region size 1024K, 3 young (3072K), 2 survivors (2048K)
 Metaspace       used 25467K, committed 25728K, reserved 1114112K
  class space    used 3232K, committed 3328K, reserved 1048576K
}
Event: 14.699 GC heap after
{Heap after GC invocations=11 (full 0):
 garbage-first heap   total 96256K, used 81928K [0x00000000c4000000, 0x0000000100000000)
  region size 1024K, 1 young (1024K), 1 survivors (1024K)
 Metaspace       used 25467K, committed 25728K, reserved 1114112K
  class space    used 3232K, committed 3328K, reserved 1048576K
}
Event: 14.706 GC heap before
{Heap before GC invocations=11 (full 0):
 garbage-first heap   total 96256K, used 87048K [0x00000000c4000000, 0x0000000100000000)
  region size 1024K, 2 young (2048K), 1 survivors (1024K)
 Metaspace       used 25467K, committed 25728K, reserved 1114112K
  class space    used 3232K, committed 3328K, reserved 1048576K
}
Event: 14.708 GC heap after
{Heap after GC invocations=12 (full 0):
 garbage-first heap   total 96256K, used 84949K [0x00000000c4000000, 0x0000000100000000)
  region size 1024K, 1 young (1024K), 1 survivors (1024K)
 Metaspace       used 25467K, committed 25728K, reserved 1114112K
  class space    used 3232K, committed 3328K, reserved 1048576K
}

