# JRE version: OpenJDK Runtime Environment Temurin-17.0.8.1+1 (17.0.8.1+1) (build 17.0.8.1+1)
# Java VM: OpenJDK 64-Bit Server VM Temurin-17.0.8.1+1 (17.0.8.1+1, mixed mode, tiered, compressed oops, compressed class ptrs, g1 gc, windows-amd64)
GC Precious Log:
 CPUs: 4 total, 4 available
 Memory: 3836M
 Large Page Support: Disabled
 NUMA Support: Disabled
 Compressed Oops: Enabled (32-bit)
 Heap Region Size: 1M
 Heap Min Capacity: 8M
 Heap Initial Capacity: 60M
 Heap Max Capacity: 960M
 Pre-touch: Disabled
 Parallel Workers: 4
 Concurrent Workers: 1
 Concurrent Refinement Workers: 4
 Periodic GC: Disabled
Heap:
 garbage-first heap   total 97280K, used 86768K [0x00000000c4000000, 0x0000000100000000)
  region size 1024K, 1 young (1024K), 1 survivors (1024K)
 Metaspace       used 25628K, committed 25920K, reserved 1114112K
  class space    used 3244K, committed 3392K, reserved 1048576K
GC Heap History (20 events):
Event: 1.649 GC heap after
{Heap after GC invocations=1 (full 0):
 garbage-first heap   total 61440K, used 1608K [0x00000000c4000000, 0x0000000100000000)
  region size 1024K, 2 young (2048K), 2 survivors (2048K)
 Metaspace       used 9081K, committed 9280K, reserved 1114112K
  class space    used 860K, committed 960K, reserved 1048576K
}
Event: 2.260 GC heap before
{Heap before GC invocations=1 (full 0):
 garbage-first heap   total 61440K, used 19016K [0x00000000c4000000, 0x0000000100000000)
  region size 1024K, 20 young (20480K), 2 survivors (2048K)
 Metaspace       used 16265K, committed 16448K, reserved 1114112K
  class space    used 1693K, committed 1792K, reserved 1048576K
}
Event: 2.264 GC heap after
{Heap after GC invocations=2 (full 0):
 garbage-first heap   total 61440K, used 4091K [0x00000000c4000000, 0x0000000100000000)
  region size 1024K, 3 young (3072K), 3 survivors (3072K)
 Metaspace       used 16265K, committed 16448K, reserved 1114112K
  class space    used 1693K, committed 1792K, reserved 1048576K
}
Event: 2.334 GC heap before
{Heap before GC invocations=2 (full 0):
 garbage-first heap   total 61440K, used 11259K [0x00000000c4000000, 0x0000000100000000)
  region size 1024K, 5 young (5120K), 3 survivors (3072K)
 Metaspace       used 16530K, committed 16768K, reserved 1114112K
  class space    used 1748K, committed 1856K, reserved 1048576K
}
Event: 2.337 GC heap after
{Heap after GC invocations=3 (full 0):
 garbage-first heap   total 61440K, used 10997K [0x00000000c4000000, 0x0000000100000000)
  region size 1024K, 3 young (3072K), 3 survivors (3072K)
 Metaspace       used 16530K, committed 16768K, reserved 1114112K
  class space    used 1748K, committed 1856K, reserved 1048576K
}
Event: 3.210 GC heap before
{Heap before GC invocations=3 (full 0):
 garbage-first heap   total 61440K, used 55029K [0x00000000c4000000, 0x0000000100000000)
  region size 1024K, 6 young (6144K), 3 survivors (3072K)
 Metaspace       used 17308K, committed 17536K, reserved 1114112K
  class space    used 1839K, committed 1984K, reserved 1048576K
}
Event: 3.212 GC heap after
{Heap after GC invocations=4 (full 0):
 garbage-first heap   total 61440K, used 53572K [0x00000000c4000000, 0x0000000100000000)
  region size 1024K, 1 young (1024K), 1 survivors (1024K)
 Metaspace       used 17308K, committed 17536K, reserved 1114112K
  class space    used 1839K, committed 1984K, reserved 1048576K
}
Event: 3.249 GC heap before
{Heap before GC invocations=4 (full 0):
 garbage-first heap   total 61440K, used 55620K [0x00000000c4000000, 0x0000000100000000)
  region size 1024K, 3 young (3072K), 1 survivors (1024K)
 Metaspace       used 17901K, committed 18112K, reserved 1114112K
  class space    used 1938K, committed 2048K, reserved 1048576K
}
Event: 3.250 GC heap after
{Heap after GC invocations=5 (full 0):
 garbage-first heap   total 61440K, used 53782K [0x00000000c4000000, 0x0000000100000000)
  region size 1024K, 1 young (1024K), 1 survivors (1024K)
 Metaspace       used 17901K, committed 18112K, reserved 1114112K
  class space    used 1938K, committed 2048K, reserved 1048576K
}
Event: 3.281 GC heap before
{Heap before GC invocations=6 (full 0):
 garbage-first heap   total 92160K, used 55830K [0x00000000c4000000, 0x0000000100000000)
  region size 1024K, 3 young (3072K), 1 survivors (1024K)
 Metaspace       used 18082K, committed 18368K, reserved 1114112K
  class space    used 1983K, committed 2112K, reserved 1048576K
}
Event: 3.282 GC heap after
{Heap after GC invocations=7 (full 0):
 garbage-first heap   total 92160K, used 54374K [0x00000000c4000000, 0x0000000100000000)
  region size 1024K, 1 young (1024K), 1 survivors (1024K)
 Metaspace       used 18082K, committed 18368K, reserved 1114112K
  class space    used 1983K, committed 2112K, reserved 1048576K
}
Event: 3.329 GC heap before
{Heap before GC invocations=7 (full 0):
 garbage-first heap   total 92160K, used 56422K [0x00000000c4000000, 0x0000000100000000)
  region size 1024K, 4 young (4096K), 1 survivors (1024K)
 Metaspace       used 18456K, committed 18752K, reserved 1114112K
  class space    used 2061K, committed 2240K, reserved 1048576K
}
Event: 3.331 GC heap after
{Heap after GC invocations=8 (full 0):
 garbage-first heap   total 92160K, used 55407K [0x00000000c4000000, 0x0000000100000000)
  region size 1024K, 1 young (1024K), 1 survivors (1024K)
 Metaspace       used 18456K, committed 18752K, reserved 1114112K
  class space    used 2061K, committed 2240K, reserved 1048576K
}
Event: 3.793 GC heap before
{Heap before GC invocations=8 (full 0):
 garbage-first heap   total 92160K, used 68719K [0x00000000c4000000, 0x0000000100000000)
  region size 1024K, 14 young (14336K), 1 survivors (1024K)
 Metaspace       used 22078K, committed 22272K, reserved 1114112K
  class space    used 2867K, committed 2944K, reserved 1048576K
}
Event: 3.796 GC heap after
{Heap after GC invocations=9 (full 0):
 garbage-first heap   total 92160K, used 56217K [0x00000000c4000000, 0x0000000100000000)
  region size 1024K, 2 young (2048K), 2 survivors (2048K)
 Metaspace       used 22078K, committed 22272K, reserved 1114112K
  class space    used 2867K, committed 2944K, reserved 1048576K
}
Event: 30.430 GC heap before
{Heap before GC invocations=10 (full 0):
 garbage-first heap   total 97280K, used 83865K [0x00000000c4000000, 0x0000000100000000)
  region size 1024K, 15 young (15360K), 2 survivors (2048K)
 Metaspace       used 25627K, committed 25920K, reserved 1114112K
  class space    used 3244K, committed 3392K, reserved 1048576K
}
Event: 30.448 GC heap after
{Heap after GC invocations=11 (full 0):
 garbage-first heap   total 97280K, used 71446K [0x00000000c4000000, 0x0000000100000000)
  region size 1024K, 2 young (2048K), 2 survivors (2048K)
 Metaspace       used 25627K, committed 25920K, reserved 1114112K
  class space    used 3244K, committed 3392K, reserved 1048576K
}
Event: 30.484 GC heap before
{Heap before GC invocations=11 (full 0):
 garbage-first heap   total 97280K, used 90902K [0x00000000c4000000, 0x0000000100000000)
  region size 1024K, 3 young (3072K), 2 survivors (2048K)
 Metaspace       used 25628K, committed 25920K, reserved 1114112K
  class space    used 3244K, committed 3392K, reserved 1048576K
}
Event: 30.494 GC heap after
{Heap after GC invocations=12 (full 0):
 garbage-first heap   total 97280K, used 84758K [0x00000000c4000000, 0x0000000100000000)
  region size 1024K, 1 young (1024K), 1 survivors (1024K)
 Metaspace       used 25628K, committed 25920K, reserved 1114112K
  class space    used 3244K, committed 3392K, reserved 1048576K
}
Event: 30.505 GC heap before
{Heap before GC invocations=12 (full 0):
 garbage-first heap   total 97280K, used 86806K [0x00000000c4000000, 0x0000000100000000)
  region size 1024K, 2 young (2048K), 1 survivors (1024K)
 Metaspace       used 25628K, committed 25920K, reserved 1114112K
  class space    used 3244K, committed 3392K, reserved 1048576K
}

