# JRE version: OpenJDK Runtime Environment Temurin-17.0.8.1+1 (17.0.8.1+1) (build 17.0.8.1+1)
# Java VM: OpenJDK 64-Bit Server VM Temurin-17.0.8.1+1 (17.0.8.1+1, mixed mode, tiered, compressed oops, compressed class ptrs, g1 gc, windows-amd64)
GC Precious Log:
 CPUs: 4 total, 4 available
 Memory: 3836M
 Large Page Support: Disabled
 NUMA Support: Disabled
 Compressed Oops: Enabled (32-bit)
 Heap Region Size: 1M
 Heap Min Capacity: 8M
 Heap Initial Capacity: 60M
 Heap Max Capacity: 960M
 Pre-touch: Disabled
 Parallel Workers: 4
 Concurrent Workers: 1
 Concurrent Refinement Workers: 4
 Periodic GC: Disabled
Heap:
 garbage-first heap   total 285696K, used 183785K [0x00000000c4000000, 0x0000000100000000)
  region size 1024K, 2 young (2048K), 1 survivors (1024K)
 Metaspace       used 25539K, committed 25728K, reserved 1114112K
  class space    used 3235K, committed 3328K, reserved 1048576K
GC Heap History (20 events):
Event: 3.527 GC heap before
{Heap before GC invocations=7 (full 0):
 garbage-first heap   total 92160K, used 72637K [0x00000000c4000000, 0x0000000100000000)
  region size 1024K, 19 young (19456K), 1 survivors (1024K)
 Metaspace       used 22638K, committed 22912K, reserved 1114112K
  class space    used 2923K, committed 3072K, reserved 1048576K
}
Event: 3.536 GC heap after
{Heap after GC invocations=8 (full 0):
 garbage-first heap   total 92160K, used 56479K [0x00000000c4000000, 0x0000000100000000)
  region size 1024K, 3 young (3072K), 3 survivors (3072K)
 Metaspace       used 22638K, committed 22912K, reserved 1114112K
  class space    used 2923K, committed 3072K, reserved 1048576K
}
Event: 15.890 GC heap before
{Heap before GC invocations=9 (full 0):
 garbage-first heap   total 97280K, used 89247K [0x00000000c4000000, 0x0000000100000000)
  region size 1024K, 14 young (14336K), 3 survivors (3072K)
 Metaspace       used 25539K, committed 25728K, reserved 1114112K
  class space    used 3235K, committed 3328K, reserved 1048576K
}
Event: 15.905 GC heap after
{Heap after GC invocations=10 (full 0):
 garbage-first heap   total 97280K, used 77320K [0x00000000c4000000, 0x0000000100000000)
  region size 1024K, 2 young (2048K), 2 survivors (2048K)
 Metaspace       used 25539K, committed 25728K, reserved 1114112K
  class space    used 3235K, committed 3328K, reserved 1048576K
}
Event: 15.931 GC heap before
{Heap before GC invocations=10 (full 0):
 garbage-first heap   total 102400K, used 96776K [0x00000000c4000000, 0x0000000100000000)
  region size 1024K, 3 young (3072K), 2 survivors (2048K)
 Metaspace       used 25539K, committed 25728K, reserved 1114112K
  class space    used 3235K, committed 3328K, reserved 1048576K
}
Event: 15.935 GC heap after
{Heap after GC invocations=11 (full 0):
 garbage-first heap   total 102400K, used 90726K [0x00000000c4000000, 0x0000000100000000)
  region size 1024K, 1 young (1024K), 1 survivors (1024K)
 Metaspace       used 25539K, committed 25728K, reserved 1114112K
  class space    used 3235K, committed 3328K, reserved 1048576K
}
Event: 15.942 GC heap before
{Heap before GC invocations=11 (full 0):
 garbage-first heap   total 102400K, used 92774K [0x00000000c4000000, 0x0000000100000000)
  region size 1024K, 2 young (2048K), 1 survivors (1024K)
 Metaspace       used 25539K, committed 25728K, reserved 1114112K
  class space    used 3235K, committed 3328K, reserved 1048576K
}
Event: 15.942 GC heap after
{Heap after GC invocations=12 (full 0):
 garbage-first heap   total 102400K, used 92674K [0x00000000c4000000, 0x0000000100000000)
  region size 1024K, 1 young (1024K), 1 survivors (1024K)
 Metaspace       used 25539K, committed 25728K, reserved 1114112K
  class space    used 3235K, committed 3328K, reserved 1048576K
}
Event: 15.952 GC heap before
{Heap before GC invocations=12 (full 0):
 garbage-first heap   total 107520K, used 99842K [0x00000000c4000000, 0x0000000100000000)
  region size 1024K, 2 young (2048K), 1 survivors (1024K)
 Metaspace       used 25539K, committed 25728K, reserved 1114112K
  class space    used 3235K, committed 3328K, reserved 1048576K
}
Event: 15.953 GC heap after
{Heap after GC invocations=13 (full 0):
 garbage-first heap   total 184320K, used 97778K [0x00000000c4000000, 0x0000000100000000)
  region size 1024K, 1 young (1024K), 1 survivors (1024K)
 Metaspace       used 25539K, committed 25728K, reserved 1114112K
  class space    used 3235K, committed 3328K, reserved 1048576K
}
Event: 15.975 GC heap before
{Heap before GC invocations=14 (full 0):
 garbage-first heap   total 184320K, used 112114K [0x00000000c4000000, 0x0000000100000000)
  region size 1024K, 2 young (2048K), 1 survivors (1024K)
 Metaspace       used 25539K, committed 25728K, reserved 1114112K
  class space    used 3235K, committed 3328K, reserved 1048576K
}
Event: 15.976 GC heap after
{Heap after GC invocations=15 (full 0):
 garbage-first heap   total 184320K, used 108005K [0x00000000c4000000, 0x0000000100000000)
  region size 1024K, 1 young (1024K), 1 survivors (1024K)
 Metaspace       used 25539K, committed 25728K, reserved 1114112K
  class space    used 3235K, committed 3328K, reserved 1048576K
}
Event: 16.010 GC heap before
{Heap before GC invocations=16 (full 0):
 garbage-first heap   total 208896K, used 129509K [0x00000000c4000000, 0x0000000100000000)
  region size 1024K, 2 young (2048K), 1 survivors (1024K)
 Metaspace       used 25539K, committed 25728K, reserved 1114112K
  class space    used 3235K, committed 3328K, reserved 1048576K
}
Event: 16.010 GC heap after
{Heap after GC invocations=17 (full 0):
 garbage-first heap   total 208896K, used 123367K [0x00000000c4000000, 0x0000000100000000)
  region size 1024K, 1 young (1024K), 1 survivors (1024K)
 Metaspace       used 25539K, committed 25728K, reserved 1114112K
  class space    used 3235K, committed 3328K, reserved 1048576K
}
Event: 16.043 GC heap before
{Heap before GC invocations=18 (full 0):
 garbage-first heap   total 234496K, used 144871K [0x00000000c4000000, 0x0000000100000000)
  region size 1024K, 2 young (2048K), 1 survivors (1024K)
 Metaspace       used 25539K, committed 25728K, reserved 1114112K
  class space    used 3235K, committed 3328K, reserved 1048576K
}
Event: 16.044 GC heap after
{Heap after GC invocations=19 (full 0):
 garbage-first heap   total 234496K, used 138727K [0x00000000c4000000, 0x0000000100000000)
  region size 1024K, 1 young (1024K), 1 survivors (1024K)
 Metaspace       used 25539K, committed 25728K, reserved 1114112K
  class space    used 3235K, committed 3328K, reserved 1048576K
}
Event: 16.081 GC heap before
{Heap before GC invocations=20 (full 0):
 garbage-first heap   total 256000K, used 160231K [0x00000000c4000000, 0x0000000100000000)
  region size 1024K, 2 young (2048K), 1 survivors (1024K)
 Metaspace       used 25539K, committed 25728K, reserved 1114112K
  class space    used 3235K, committed 3328K, reserved 1048576K
}
Event: 16.082 GC heap after
{Heap after GC invocations=21 (full 0):
 garbage-first heap   total 256000K, used 154087K [0x00000000c4000000, 0x0000000100000000)
  region size 1024K, 1 young (1024K), 1 survivors (1024K)
 Metaspace       used 25539K, committed 25728K, reserved 1114112K
  class space    used 3235K, committed 3328K, reserved 1048576K
}
Event: 16.117 GC heap before
{Heap before GC invocations=22 (full 0):
 garbage-first heap   total 285696K, used 175591K [0x00000000c4000000, 0x0000000100000000)
  region size 1024K, 2 young (2048K), 1 survivors (1024K)
 Metaspace       used 25539K, committed 25728K, reserved 1114112K
  class space    used 3235K, committed 3328K, reserved 1048576K
}
Event: 16.117 GC heap after
{Heap after GC invocations=23 (full 0):
 garbage-first heap   total 285696K, used 169449K [0x00000000c4000000, 0x0000000100000000)
  region size 1024K, 1 young (1024K), 1 survivors (1024K)
 Metaspace       used 25539K, committed 25728K, reserved 1114112K
  class space    used 3235K, committed 3328K, reserved 1048576K
}

